<?xml version="1.0" encoding="UTF-8"?>
<!-- Generated by org.testng.reporters.JUnitReportReporter -->
<testsuite hostname="Saumya-Raj-PC" name="ADemo.TestCase2" tests="1" failures="0" timestamp="21 Mar 2021 19:29:23 GMT" time="7.079" errors="0">
  <testcase name="closeAlert" time="7.079" classname="ADemo.TestCase2"/>
</testsuite> <!-- ADemo.TestCase2 -->
