<?xml version="1.0" encoding="UTF-8"?>
<!-- Generated by org.testng.reporters.JUnitReportReporter -->
<testsuite hostname="Saumya-Raj-PC" name="ADemo.TestCase3" tests="1" failures="0" timestamp="23 Mar 2021 21:13:53 GMT" time="4.528" errors="0">
  <testcase name="HoverButton" time="4.528" classname="ADemo.TestCase3"/>
</testsuite> <!-- ADemo.TestCase3 -->
