<?xml version="1.0" encoding="UTF-8"?>
<!-- Generated by org.testng.reporters.JUnitReportReporter -->
<testsuite hostname="Saumya-Raj-PC" name="ADemo.TestCase4" tests="1" failures="0" timestamp="21 Apr 2021 08:02:07 GMT" time="1.936" errors="0">
  <testcase name="hoverButton" time="1.936" classname="ADemo.TestCase4"/>
</testsuite> <!-- ADemo.TestCase4 -->
