<?xml version="1.0" encoding="UTF-8"?>
<!-- Generated by org.testng.reporters.JUnitReportReporter -->
<testsuite hostname="Saumya-Raj-PC" name="ADemo.TestCase6" tests="1" failures="0" timestamp="21 Apr 2021 08:02:07 GMT" time="4.726" errors="0">
  <testcase name="datePicker" time="4.726" classname="ADemo.TestCase6"/>
</testsuite> <!-- ADemo.TestCase6 -->
