<?xml version="1.0" encoding="UTF-8"?>
<!-- Generated by org.testng.reporters.JUnitReportReporter -->
<testsuite hostname="DESKTOP-THIHSRP" name="ADemo.e2escenario" tests="1" failures="0" timestamp="26 Apr 2021 09:47:20 GMT" time="26.779" errors="0">
  <testcase name="practiceForm" time="26.779" classname="ADemo.e2escenario"/>
</testsuite> <!-- ADemo.e2escenario -->
