<?xml version="1.0" encoding="UTF-8"?>
<!-- Generated by org.testng.reporters.JUnitReportReporter -->
<testsuite hostname="Saumya-Raj-PC" name="ADemo.TestCase5" tests="1" failures="0" timestamp="21 Apr 2021 08:02:07 GMT" time="1.795" errors="0">
  <testcase name="modalDialogs" time="1.795" classname="ADemo.TestCase5"/>
</testsuite> <!-- ADemo.TestCase5 -->
