<?xml version="1.0" encoding="UTF-8"?>
<!-- Generated by org.testng.reporters.JUnitReportReporter -->
<testsuite hostname="Saumya-Raj-PC" name="ADemo.TestCase3" tests="1" failures="0" timestamp="21 Apr 2021 08:02:07 GMT" time="2.110" errors="0">
  <testcase name="HoverButton" time="2.110" classname="ADemo.TestCase3"/>
</testsuite> <!-- ADemo.TestCase3 -->
