<?xml version="1.0" encoding="UTF-8"?>
<!-- Generated by org.testng.reporters.JUnitReportReporter -->
<testsuite hostname="Saumya-Raj-PC" name="ADemo.TestCase1Neg" tests="1" failures="0" timestamp="21 Apr 2021 08:55:33 GMT" time="7.689" errors="0">
  <testcase name="practiceForm" time="7.689" classname="ADemo.TestCase1Neg"/>
</testsuite> <!-- ADemo.TestCase1Neg -->
