<?xml version="1.0" encoding="UTF-8"?>
<!-- Generated by org.testng.reporters.JUnitReportReporter -->
<testsuite hostname="Saumya-Raj-PC" name="ADemo.TestCase6" tests="1" failures="0" timestamp="23 Mar 2021 21:13:53 GMT" time="5.660" errors="0">
  <testcase name="datePicker" time="5.660" classname="ADemo.TestCase6"/>
</testsuite> <!-- ADemo.TestCase6 -->
