<?xml version="1.0" encoding="UTF-8"?>
<!-- Generated by org.testng.reporters.JUnitReportReporter -->
<testsuite hostname="DESKTOP-THIHSRP" name="ADemo.TestCase1" tests="1" failures="0" timestamp="26 Apr 2021 09:41:46 GMT" time="34.839" errors="0">
  <testcase name="practiceForm" time="34.839" classname="ADemo.TestCase1"/>
</testsuite> <!-- ADemo.TestCase1 -->
