<?xml version="1.0" encoding="UTF-8"?>
<!-- Generated by org.testng.reporters.JUnitReportReporter -->
<testsuite hostname="Saumya-Raj-PC" name="ADemo.TestCase4" tests="1" failures="0" timestamp="21 Mar 2021 19:29:23 GMT" time="6.049" errors="0">
  <testcase name="hoverButton" time="6.049" classname="ADemo.TestCase4"/>
</testsuite> <!-- ADemo.TestCase4 -->
