<?xml version="1.0" encoding="UTF-8"?>
<!-- Generated by org.testng.reporters.JUnitReportReporter -->
<testsuite hostname="Saumya-Raj-PC" name="ADemo.TestCase5" tests="1" failures="0" timestamp="23 Mar 2021 21:13:53 GMT" time="2.655" errors="0">
  <testcase name="modalDialogs" time="2.655" classname="ADemo.TestCase5"/>
</testsuite> <!-- ADemo.TestCase5 -->
