<?xml version="1.0" encoding="UTF-8"?>
<!-- Generated by org.testng.reporters.JUnitReportReporter -->
<testsuite hostname="Saumya-Raj-PC" name="ADemo.TestCase4" tests="1" failures="0" timestamp="23 Mar 2021 21:13:53 GMT" time="4.394" errors="0">
  <testcase name="hoverButton" time="4.394" classname="ADemo.TestCase4"/>
</testsuite> <!-- ADemo.TestCase4 -->
