<?xml version="1.0" encoding="UTF-8"?>
<!-- Generated by org.testng.reporters.JUnitReportReporter -->
<testsuite hostname="Saumya-Raj-PC" name="ADemo.TestCase1Neg" tests="1" failures="0" timestamp="21 Mar 2021 19:29:23 GMT" time="3.953" errors="0">
  <testcase name="practiceForm" time="3.953" classname="ADemo.TestCase1Neg"/>
</testsuite> <!-- ADemo.TestCase1Neg -->
