<?xml version="1.0" encoding="UTF-8"?>
<!-- Generated by org.testng.reporters.JUnitReportReporter -->
<testsuite hostname="Saumya-Raj-PC" name="ADemo.TestCase2" tests="1" failures="0" timestamp="23 Mar 2021 21:13:53 GMT" time="10.082" errors="0">
  <testcase name="closeAlert" time="10.082" classname="ADemo.TestCase2"/>
</testsuite> <!-- ADemo.TestCase2 -->
