<?xml version="1.0" encoding="UTF-8"?>
<!-- Generated by org.testng.reporters.JUnitReportReporter -->
<testsuite hostname="Saumya-Raj-PC" name="ADemo.TestCase5" tests="1" failures="0" timestamp="21 Mar 2021 19:29:23 GMT" time="4.356" errors="0">
  <testcase name="modalDialogs" time="4.356" classname="ADemo.TestCase5"/>
</testsuite> <!-- ADemo.TestCase5 -->
