<?xml version="1.0" encoding="UTF-8"?>
<!-- Generated by org.testng.reporters.JUnitReportReporter -->
<testsuite hostname="Saumya-Raj-PC" name="ADemo.TestCase1" tests="1" failures="0" timestamp="23 Mar 2021 21:13:53 GMT" time="18.784" errors="0">
  <testcase name="practiceForm" time="18.784" classname="ADemo.TestCase1"/>
</testsuite> <!-- ADemo.TestCase1 -->
